<?xml version="1.0" encoding="UTF-8"?>
<testng-results ignored="0" total="1" passed="1" failed="0" skipped="0">
  <reporter-output>
  </reporter-output>
  <suite started-at="2023-01-10T16:49:00 IST" name="Default suite" finished-at="2023-01-10T16:49:33 IST" duration-ms="33279">
    <groups>
    </groups>
    <test started-at="2023-01-10T16:49:00 IST" name="Default test" finished-at="2023-01-10T16:49:33 IST" duration-ms="33279">
      <class name="com.flipkartTestCases.LoginTestCase">
        <test-method is-config="true" signature="setup()[pri:0, instance:com.flipkartTestCases.LoginTestCase@5e2c3d18]" started-at="2023-01-10T16:48:56 IST" name="setup" finished-at="2023-01-10T16:49:00 IST" duration-ms="3896" status="PASS">
          <reporter-output>
          </reporter-output>
        </test-method> <!-- setup -->
        <test-method is-config="true" signature="beforeMethod(java.lang.reflect.Method)[pri:0, instance:com.flipkartTestCases.LoginTestCase@5e2c3d18]" started-at="2023-01-10T16:49:00 IST" name="beforeMethod" finished-at="2023-01-10T16:49:00 IST" duration-ms="3" status="PASS">
          <params>
            <param index="0">
              <value>
                <![CDATA[public void com.flipkartTestCases.LoginTestCase.testCase01() throws java.lang.InterruptedException]]>
              </value>
            </param>
          </params>
          <reporter-output>
          </reporter-output>
        </test-method> <!-- beforeMethod -->
        <test-method signature="testCase01()[pri:0, instance:com.flipkartTestCases.LoginTestCase@5e2c3d18]" started-at="2023-01-10T16:49:00 IST" name="testCase01" finished-at="2023-01-10T16:49:33 IST" duration-ms="33017" status="PASS">
          <reporter-output>
          </reporter-output>
        </test-method> <!-- testCase01 -->
        <test-method is-config="true" signature="afterMethod(org.testng.ITestResult)[pri:0, instance:com.flipkartTestCases.LoginTestCase@5e2c3d18]" started-at="2023-01-10T16:49:33 IST" name="afterMethod" finished-at="2023-01-10T16:49:33 IST" duration-ms="232" status="PASS">
          <params>
            <param index="0">
              <value>
                <![CDATA[[TestResult name=testCase01 status=SUCCESS method=LoginTestCase.testCase01()[pri:0, instance:com.flipkartTestCases.LoginTestCase@5e2c3d18] output={null}]]]>
              </value>
            </param>
          </params>
          <reporter-output>
          </reporter-output>
        </test-method> <!-- afterMethod -->
        <test-method is-config="true" signature="teardown()[pri:0, instance:com.flipkartTestCases.LoginTestCase@5e2c3d18]" started-at="2023-01-10T16:49:33 IST" name="teardown" finished-at="2023-01-10T16:49:34 IST" duration-ms="629" status="PASS">
          <reporter-output>
          </reporter-output>
        </test-method> <!-- teardown -->
      </class> <!-- com.flipkartTestCases.LoginTestCase -->
    </test> <!-- Default test -->
  </suite> <!-- Default suite -->
</testng-results>
